[22:45:22] [Server thread/INFO]: Starting minecraft server version 1.8.8
[22:45:22] [Server console handler/ERROR]: Exception handling console input
java.io.IOException: The handle is invalid
	at java.base/java.io.FileInputStream.readBytes(Native Method) ~[?:?]
	at java.base/java.io.FileInputStream.read(FileInputStream.java:256) ~[?:?]
	at java.base/java.io.BufferedInputStream.read1(BufferedInputStream.java:284) ~[?:?]
	at java.base/java.io.BufferedInputStream.read(BufferedInputStream.java:345) ~[?:?]
	at java.base/sun.nio.cs.StreamDecoder.readBytes(StreamDecoder.java:284) ~[?:?]
	at java.base/sun.nio.cs.StreamDecoder.implRead(StreamDecoder.java:326) ~[?:?]
	at java.base/sun.nio.cs.StreamDecoder.read(StreamDecoder.java:178) ~[?:?]
	at java.base/java.io.InputStreamReader.read(InputStreamReader.java:185) ~[?:?]
	at java.base/java.io.BufferedReader.fill(BufferedReader.java:161) ~[?:?]
	at java.base/java.io.BufferedReader.readLine(BufferedReader.java:326) ~[?:?]
	at java.base/java.io.BufferedReader.readLine(BufferedReader.java:392) ~[?:?]
	at ko$2.run(SourceFile:81) [server.jar:?]
[22:45:22] [Server thread/INFO]: Loading properties
[22:45:22] [Server thread/INFO]: Default game type: SURVIVAL
[22:45:22] [Server thread/INFO]: Generating keypair
[22:45:22] [Server thread/INFO]: Starting Minecraft server on *:25565
[22:45:22] [Server thread/INFO]: Using default channel type
[22:45:23] [Server thread/WARN]: Failed to load user banlist: 
java.io.FileNotFoundException: banned-players.json (The system cannot find the file specified)
	at java.base/java.io.FileInputStream.open0(Native Method) ~[?:?]
	at java.base/java.io.FileInputStream.open(FileInputStream.java:196) ~[?:?]
	at java.base/java.io.FileInputStream.<init>(FileInputStream.java:139) ~[?:?]
	at com.google.common.io.Files.newReader(Files.java:86) ~[server.jar:?]
	at mb.g(SourceFile:124) ~[server.jar:?]
	at kn.z(SourceFile:99) [server.jar:?]
	at kn.<init>(SourceFile:25) [server.jar:?]
	at ko.i(SourceFile:172) [server.jar:?]
	at net.minecraft.server.MinecraftServer.run(SourceFile:421) [server.jar:?]
	at java.base/java.lang.Thread.run(Thread.java:844) [?:?]
[22:45:23] [Server thread/WARN]: Failed to load ip banlist: 
java.io.FileNotFoundException: banned-ips.json (The system cannot find the file specified)
	at java.base/java.io.FileInputStream.open0(Native Method) ~[?:?]
	at java.base/java.io.FileInputStream.open(FileInputStream.java:196) ~[?:?]
	at java.base/java.io.FileInputStream.<init>(FileInputStream.java:139) ~[?:?]
	at com.google.common.io.Files.newReader(Files.java:86) ~[server.jar:?]
	at mb.g(SourceFile:124) ~[server.jar:?]
	at kn.y(SourceFile:91) [server.jar:?]
	at kn.<init>(SourceFile:27) [server.jar:?]
	at ko.i(SourceFile:172) [server.jar:?]
	at net.minecraft.server.MinecraftServer.run(SourceFile:421) [server.jar:?]
	at java.base/java.lang.Thread.run(Thread.java:844) [?:?]
[22:45:23] [Server thread/WARN]: Failed to load operators list: 
java.io.FileNotFoundException: ops.json (The system cannot find the file specified)
	at java.base/java.io.FileInputStream.open0(Native Method) ~[?:?]
	at java.base/java.io.FileInputStream.open(FileInputStream.java:196) ~[?:?]
	at java.base/java.io.FileInputStream.<init>(FileInputStream.java:139) ~[?:?]
	at com.google.common.io.Files.newReader(Files.java:86) ~[server.jar:?]
	at mb.g(SourceFile:124) ~[server.jar:?]
	at kn.A(SourceFile:107) [server.jar:?]
	at kn.<init>(SourceFile:29) [server.jar:?]
	at ko.i(SourceFile:172) [server.jar:?]
	at net.minecraft.server.MinecraftServer.run(SourceFile:421) [server.jar:?]
	at java.base/java.lang.Thread.run(Thread.java:844) [?:?]
[22:45:23] [Server thread/WARN]: Failed to load white-list: 
java.io.FileNotFoundException: whitelist.json (The system cannot find the file specified)
	at java.base/java.io.FileInputStream.open0(Native Method) ~[?:?]
	at java.base/java.io.FileInputStream.open(FileInputStream.java:196) ~[?:?]
	at java.base/java.io.FileInputStream.<init>(FileInputStream.java:139) ~[?:?]
	at com.google.common.io.Files.newReader(Files.java:86) ~[server.jar:?]
	at mb.g(SourceFile:124) ~[server.jar:?]
	at kn.C(SourceFile:123) [server.jar:?]
	at kn.<init>(SourceFile:30) [server.jar:?]
	at ko.i(SourceFile:172) [server.jar:?]
	at net.minecraft.server.MinecraftServer.run(SourceFile:421) [server.jar:?]
	at java.base/java.lang.Thread.run(Thread.java:844) [?:?]
[22:45:23] [Server thread/INFO]: Preparing level "world"
[22:45:23] [Server thread/WARN]: Unable to find spawn biome
[22:45:29] [Server thread/INFO]: Preparing start region for level 0
[22:45:30] [Server thread/INFO]: Preparing spawn area: 8%
[22:45:31] [Server thread/INFO]: Preparing spawn area: 16%
[22:45:33] [Server thread/INFO]: Preparing spawn area: 26%
[22:45:34] [Server thread/INFO]: Preparing spawn area: 35%
[22:45:35] [Server thread/INFO]: Preparing spawn area: 50%
[22:45:36] [Server thread/INFO]: Preparing spawn area: 66%
[22:45:37] [Server thread/INFO]: Preparing spawn area: 85%
[22:45:38] [Server thread/INFO]: Preparing spawn area: 98%
[22:45:38] [Server thread/INFO]: Done (15.493s)! For help, type "help" or "?"
[22:45:38] [User Authenticator #1/INFO]: UUID of player coolcon21 is 80f54393-ee19-4043-8dca-57f67b95ef2b
[22:45:38] [Server thread/INFO]: coolcon21[/76.97.242.152:50756] logged in with entity id 175 at (-80.5, 63.0, 180.5)
[22:45:38] [Server thread/INFO]: coolcon21 joined the game
